running install
running build
running build_py
running build_ext
running build_scripts
running install_lib
creating /Library/Frameworks/Python.framework/Versions/2.7/lib/python2.7/site-packages/Cython
copying build/lib.macosx-10.5-fat3-2.7/Cython/__init__.py -> /Library/Frameworks/Python.framework/Versions/2.7/lib/python2.7/site-packages/Cython
copying build/lib.macosx-10.5-fat3-2.7/Cython/CodeWriter.py -> /Library/Frameworks/Python.framework/Versions/2.7/lib/python2.7/site-packages/Cython
creating /Library/Frameworks/Python.framework/Versions/2.7/lib/python2.7/site-packages/Cython/Compiler
copying build/lib.macosx-10.5-fat3-2.7/Cython/Compiler/__init__.py -> /Library/Frameworks/Python.framework/Versions/2.7/lib/python2.7/site-packages/Cython/Compiler
copying build/lib.macosx-10.5-fat3-2.7/Cython/Compiler/AnalysedTreeTransforms.py -> /Library/Frameworks/Python.framework/Versions/2.7/lib/python2.7/site-packages/Cython/Compiler
copying build/lib.macosx-10.5-fat3-2.7/Cython/Compiler/Annotate.py -> /Library/Frameworks/Python.framework/Versions/2.7/lib/python2.7/site-packages/Cython/Compiler
copying build/lib.macosx-10.5-fat3-2.7/Cython/Compiler/AutoDocTransforms.py -> /Library/Frameworks/Python.framework/Versions/2.7/lib/python2.7/site-packages/Cython/Compiler
copying build/lib.macosx-10.5-fat3-2.7/Cython/Compiler/Buffer.py -> /Library/Frameworks/Python.framework/Versions/2.7/lib/python2.7/site-packages/Cython/Compiler
copying build/lib.macosx-10.5-fat3-2.7/Cython/Compiler/Builtin.py -> /Library/Frameworks/Python.framework/Versions/2.7/lib/python2.7/site-packages/Cython/Compiler
copying build/lib.macosx-10.5-fat3-2.7/Cython/Compiler/CmdLine.py -> /Library/Frameworks/Python.framework/Versions/2.7/lib/python2.7/site-packages/Cython/Compiler
copying build/lib.macosx-10.5-fat3-2.7/Cython/Compiler/Code.py -> /Library/Frameworks/Python.framework/Versions/2.7/lib/python2.7/site-packages/Cython/Compiler
copying build/lib.macosx-10.5-fat3-2.7/Cython/Compiler/CodeGeneration.py -> /Library/Frameworks/Python.framework/Versions/2.7/lib/python2.7/site-packages/Cython/Compiler
copying build/lib.macosx-10.5-fat3-2.7/Cython/Compiler/ControlFlow.py -> /Library/Frameworks/Python.framework/Versions/2.7/lib/python2.7/site-packages/Cython/Compiler
copying build/lib.macosx-10.5-fat3-2.7/Cython/Compiler/CythonScope.py -> /Library/Frameworks/Python.framework/Versions/2.7/lib/python2.7/site-packages/Cython/Compiler
copying build/lib.macosx-10.5-fat3-2.7/Cython/Compiler/DebugFlags.py -> /Library/Frameworks/Python.framework/Versions/2.7/lib/python2.7/site-packages/Cython/Compiler
copying build/lib.macosx-10.5-fat3-2.7/Cython/Compiler/Errors.py -> /Library/Frameworks/Python.framework/Versions/2.7/lib/python2.7/site-packages/Cython/Compiler
copying build/lib.macosx-10.5-fat3-2.7/Cython/Compiler/ExprNodes.py -> /Library/Frameworks/Python.framework/Versions/2.7/lib/python2.7/site-packages/Cython/Compiler
copying build/lib.macosx-10.5-fat3-2.7/Cython/Compiler/Future.py -> /Library/Frameworks/Python.framework/Versions/2.7/lib/python2.7/site-packages/Cython/Compiler
copying build/lib.macosx-10.5-fat3-2.7/Cython/Compiler/Interpreter.py -> /Library/Frameworks/Python.framework/Versions/2.7/lib/python2.7/site-packages/Cython/Compiler
copying build/lib.macosx-10.5-fat3-2.7/Cython/Compiler/Lexicon.py -> /Library/Frameworks/Python.framework/Versions/2.7/lib/python2.7/site-packages/Cython/Compiler
copying build/lib.macosx-10.5-fat3-2.7/Cython/Compiler/Main.py -> /Library/Frameworks/Python.framework/Versions/2.7/lib/python2.7/site-packages/Cython/Compiler
copying build/lib.macosx-10.5-fat3-2.7/Cython/Compiler/ModuleNode.py -> /Library/Frameworks/Python.framework/Versions/2.7/lib/python2.7/site-packages/Cython/Compiler
copying build/lib.macosx-10.5-fat3-2.7/Cython/Compiler/Naming.py -> /Library/Frameworks/Python.framework/Versions/2.7/lib/python2.7/site-packages/Cython/Compiler
copying build/lib.macosx-10.5-fat3-2.7/Cython/Compiler/Nodes.py -> /Library/Frameworks/Python.framework/Versions/2.7/lib/python2.7/site-packages/Cython/Compiler
copying build/lib.macosx-10.5-fat3-2.7/Cython/Compiler/Optimize.py -> /Library/Frameworks/Python.framework/Versions/2.7/lib/python2.7/site-packages/Cython/Compiler
copying build/lib.macosx-10.5-fat3-2.7/Cython/Compiler/Options.py -> /Library/Frameworks/Python.framework/Versions/2.7/lib/python2.7/site-packages/Cython/Compiler
copying build/lib.macosx-10.5-fat3-2.7/Cython/Compiler/ParseTreeTransforms.py -> /Library/Frameworks/Python.framework/Versions/2.7/lib/python2.7/site-packages/Cython/Compiler
copying build/lib.macosx-10.5-fat3-2.7/Cython/Compiler/Parsing.pxd -> /Library/Frameworks/Python.framework/Versions/2.7/lib/python2.7/site-packages/Cython/Compiler
copying build/lib.macosx-10.5-fat3-2.7/Cython/Compiler/Parsing.py -> /Library/Frameworks/Python.framework/Versions/2.7/lib/python2.7/site-packages/Cython/Compiler
copying build/lib.macosx-10.5-fat3-2.7/Cython/Compiler/Parsing.so -> /Library/Frameworks/Python.framework/Versions/2.7/lib/python2.7/site-packages/Cython/Compiler
copying build/lib.macosx-10.5-fat3-2.7/Cython/Compiler/PyrexTypes.py -> /Library/Frameworks/Python.framework/Versions/2.7/lib/python2.7/site-packages/Cython/Compiler
copying build/lib.macosx-10.5-fat3-2.7/Cython/Compiler/Scanning.pxd -> /Library/Frameworks/Python.framework/Versions/2.7/lib/python2.7/site-packages/Cython/Compiler
copying build/lib.macosx-10.5-fat3-2.7/Cython/Compiler/Scanning.py -> /Library/Frameworks/Python.framework/Versions/2.7/lib/python2.7/site-packages/Cython/Compiler
copying build/lib.macosx-10.5-fat3-2.7/Cython/Compiler/Scanning.so -> /Library/Frameworks/Python.framework/Versions/2.7/lib/python2.7/site-packages/Cython/Compiler
copying build/lib.macosx-10.5-fat3-2.7/Cython/Compiler/StringEncoding.py -> /Library/Frameworks/Python.framework/Versions/2.7/lib/python2.7/site-packages/Cython/Compiler
copying build/lib.macosx-10.5-fat3-2.7/Cython/Compiler/Symtab.py -> /Library/Frameworks/Python.framework/Versions/2.7/lib/python2.7/site-packages/Cython/Compiler
creating /Library/Frameworks/Python.framework/Versions/2.7/lib/python2.7/site-packages/Cython/Compiler/Tests
copying build/lib.macosx-10.5-fat3-2.7/Cython/Compiler/Tests/__init__.py -> /Library/Frameworks/Python.framework/Versions/2.7/lib/python2.7/site-packages/Cython/Compiler/Tests
copying build/lib.macosx-10.5-fat3-2.7/Cython/Compiler/Tests/TestBuffer.py -> /Library/Frameworks/Python.framework/Versions/2.7/lib/python2.7/site-packages/Cython/Compiler/Tests
copying build/lib.macosx-10.5-fat3-2.7/Cython/Compiler/Tests/TestDecorators.py -> /Library/Frameworks/Python.framework/Versions/2.7/lib/python2.7/site-packages/Cython/Compiler/Tests
copying build/lib.macosx-10.5-fat3-2.7/Cython/Compiler/Tests/TestParseTreeTransforms.py -> /Library/Frameworks/Python.framework/Versions/2.7/lib/python2.7/site-packages/Cython/Compiler/Tests
copying build/lib.macosx-10.5-fat3-2.7/Cython/Compiler/Tests/TestTreeFragment.py -> /Library/Frameworks/Python.framework/Versions/2.7/lib/python2.7/site-packages/Cython/Compiler/Tests
copying build/lib.macosx-10.5-fat3-2.7/Cython/Compiler/Tests/TestTreePath.py -> /Library/Frameworks/Python.framework/Versions/2.7/lib/python2.7/site-packages/Cython/Compiler/Tests
copying build/lib.macosx-10.5-fat3-2.7/Cython/Compiler/TreeFragment.py -> /Library/Frameworks/Python.framework/Versions/2.7/lib/python2.7/site-packages/Cython/Compiler
copying build/lib.macosx-10.5-fat3-2.7/Cython/Compiler/TreePath.py -> /Library/Frameworks/Python.framework/Versions/2.7/lib/python2.7/site-packages/Cython/Compiler
copying build/lib.macosx-10.5-fat3-2.7/Cython/Compiler/TypeInference.py -> /Library/Frameworks/Python.framework/Versions/2.7/lib/python2.7/site-packages/Cython/Compiler
copying build/lib.macosx-10.5-fat3-2.7/Cython/Compiler/TypeSlots.py -> /Library/Frameworks/Python.framework/Versions/2.7/lib/python2.7/site-packages/Cython/Compiler
copying build/lib.macosx-10.5-fat3-2.7/Cython/Compiler/UtilNodes.py -> /Library/Frameworks/Python.framework/Versions/2.7/lib/python2.7/site-packages/Cython/Compiler
copying build/lib.macosx-10.5-fat3-2.7/Cython/Compiler/Version.py -> /Library/Frameworks/Python.framework/Versions/2.7/lib/python2.7/site-packages/Cython/Compiler
copying build/lib.macosx-10.5-fat3-2.7/Cython/Compiler/Visitor.pxd -> /Library/Frameworks/Python.framework/Versions/2.7/lib/python2.7/site-packages/Cython/Compiler
copying build/lib.macosx-10.5-fat3-2.7/Cython/Compiler/Visitor.py -> /Library/Frameworks/Python.framework/Versions/2.7/lib/python2.7/site-packages/Cython/Compiler
copying build/lib.macosx-10.5-fat3-2.7/Cython/Compiler/Visitor.so -> /Library/Frameworks/Python.framework/Versions/2.7/lib/python2.7/site-packages/Cython/Compiler
copying build/lib.macosx-10.5-fat3-2.7/Cython/Debugging.py -> /Library/Frameworks/Python.framework/Versions/2.7/lib/python2.7/site-packages/Cython
creating /Library/Frameworks/Python.framework/Versions/2.7/lib/python2.7/site-packages/Cython/Distutils
copying build/lib.macosx-10.5-fat3-2.7/Cython/Distutils/__init__.py -> /Library/Frameworks/Python.framework/Versions/2.7/lib/python2.7/site-packages/Cython/Distutils
copying build/lib.macosx-10.5-fat3-2.7/Cython/Distutils/build_ext.py -> /Library/Frameworks/Python.framework/Versions/2.7/lib/python2.7/site-packages/Cython/Distutils
copying build/lib.macosx-10.5-fat3-2.7/Cython/Distutils/extension.py -> /Library/Frameworks/Python.framework/Versions/2.7/lib/python2.7/site-packages/Cython/Distutils
creating /Library/Frameworks/Python.framework/Versions/2.7/lib/python2.7/site-packages/Cython/Includes
creating /Library/Frameworks/Python.framework/Versions/2.7/lib/python2.7/site-packages/Cython/Includes/cpython
copying build/lib.macosx-10.5-fat3-2.7/Cython/Includes/cpython/__init__.pxd -> /Library/Frameworks/Python.framework/Versions/2.7/lib/python2.7/site-packages/Cython/Includes/cpython
copying build/lib.macosx-10.5-fat3-2.7/Cython/Includes/cpython/bool.pxd -> /Library/Frameworks/Python.framework/Versions/2.7/lib/python2.7/site-packages/Cython/Includes/cpython
copying build/lib.macosx-10.5-fat3-2.7/Cython/Includes/cpython/buffer.pxd -> /Library/Frameworks/Python.framework/Versions/2.7/lib/python2.7/site-packages/Cython/Includes/cpython
copying build/lib.macosx-10.5-fat3-2.7/Cython/Includes/cpython/bytes.pxd -> /Library/Frameworks/Python.framework/Versions/2.7/lib/python2.7/site-packages/Cython/Includes/cpython
copying build/lib.macosx-10.5-fat3-2.7/Cython/Includes/cpython/cobject.pxd -> /Library/Frameworks/Python.framework/Versions/2.7/lib/python2.7/site-packages/Cython/Includes/cpython
copying build/lib.macosx-10.5-fat3-2.7/Cython/Includes/cpython/complex.pxd -> /Library/Frameworks/Python.framework/Versions/2.7/lib/python2.7/site-packages/Cython/Includes/cpython
copying build/lib.macosx-10.5-fat3-2.7/Cython/Includes/cpython/dict.pxd -> /Library/Frameworks/Python.framework/Versions/2.7/lib/python2.7/site-packages/Cython/Includes/cpython
copying build/lib.macosx-10.5-fat3-2.7/Cython/Includes/cpython/exc.pxd -> /Library/Frameworks/Python.framework/Versions/2.7/lib/python2.7/site-packages/Cython/Includes/cpython
copying build/lib.macosx-10.5-fat3-2.7/Cython/Includes/cpython/float.pxd -> /Library/Frameworks/Python.framework/Versions/2.7/lib/python2.7/site-packages/Cython/Includes/cpython
copying build/lib.macosx-10.5-fat3-2.7/Cython/Includes/cpython/function.pxd -> /Library/Frameworks/Python.framework/Versions/2.7/lib/python2.7/site-packages/Cython/Includes/cpython
copying build/lib.macosx-10.5-fat3-2.7/Cython/Includes/cpython/getargs.pxd -> /Library/Frameworks/Python.framework/Versions/2.7/lib/python2.7/site-packages/Cython/Includes/cpython
copying build/lib.macosx-10.5-fat3-2.7/Cython/Includes/cpython/instance.pxd -> /Library/Frameworks/Python.framework/Versions/2.7/lib/python2.7/site-packages/Cython/Includes/cpython
copying build/lib.macosx-10.5-fat3-2.7/Cython/Includes/cpython/int.pxd -> /Library/Frameworks/Python.framework/Versions/2.7/lib/python2.7/site-packages/Cython/Includes/cpython
copying build/lib.macosx-10.5-fat3-2.7/Cython/Includes/cpython/iterator.pxd -> /Library/Frameworks/Python.framework/Versions/2.7/lib/python2.7/site-packages/Cython/Includes/cpython
copying build/lib.macosx-10.5-fat3-2.7/Cython/Includes/cpython/list.pxd -> /Library/Frameworks/Python.framework/Versions/2.7/lib/python2.7/site-packages/Cython/Includes/cpython
copying build/lib.macosx-10.5-fat3-2.7/Cython/Includes/cpython/long.pxd -> /Library/Frameworks/Python.framework/Versions/2.7/lib/python2.7/site-packages/Cython/Includes/cpython
copying build/lib.macosx-10.5-fat3-2.7/Cython/Includes/cpython/mapping.pxd -> /Library/Frameworks/Python.framework/Versions/2.7/lib/python2.7/site-packages/Cython/Includes/cpython
copying build/lib.macosx-10.5-fat3-2.7/Cython/Includes/cpython/mem.pxd -> /Library/Frameworks/Python.framework/Versions/2.7/lib/python2.7/site-packages/Cython/Includes/cpython
copying build/lib.macosx-10.5-fat3-2.7/Cython/Includes/cpython/method.pxd -> /Library/Frameworks/Python.framework/Versions/2.7/lib/python2.7/site-packages/Cython/Includes/cpython
copying build/lib.macosx-10.5-fat3-2.7/Cython/Includes/cpython/module.pxd -> /Library/Frameworks/Python.framework/Versions/2.7/lib/python2.7/site-packages/Cython/Includes/cpython
copying build/lib.macosx-10.5-fat3-2.7/Cython/Includes/cpython/number.pxd -> /Library/Frameworks/Python.framework/Versions/2.7/lib/python2.7/site-packages/Cython/Includes/cpython
copying build/lib.macosx-10.5-fat3-2.7/Cython/Includes/cpython/object.pxd -> /Library/Frameworks/Python.framework/Versions/2.7/lib/python2.7/site-packages/Cython/Includes/cpython
copying build/lib.macosx-10.5-fat3-2.7/Cython/Includes/cpython/oldbuffer.pxd -> /Library/Frameworks/Python.framework/Versions/2.7/lib/python2.7/site-packages/Cython/Includes/cpython
copying build/lib.macosx-10.5-fat3-2.7/Cython/Includes/cpython/pycapsule.pxd -> /Library/Frameworks/Python.framework/Versions/2.7/lib/python2.7/site-packages/Cython/Includes/cpython
copying build/lib.macosx-10.5-fat3-2.7/Cython/Includes/cpython/pythread.pxd -> /Library/Frameworks/Python.framework/Versions/2.7/lib/python2.7/site-packages/Cython/Includes/cpython
copying build/lib.macosx-10.5-fat3-2.7/Cython/Includes/cpython/ref.pxd -> /Library/Frameworks/Python.framework/Versions/2.7/lib/python2.7/site-packages/Cython/Includes/cpython
copying build/lib.macosx-10.5-fat3-2.7/Cython/Includes/cpython/sequence.pxd -> /Library/Frameworks/Python.framework/Versions/2.7/lib/python2.7/site-packages/Cython/Includes/cpython
copying build/lib.macosx-10.5-fat3-2.7/Cython/Includes/cpython/set.pxd -> /Library/Frameworks/Python.framework/Versions/2.7/lib/python2.7/site-packages/Cython/Includes/cpython
copying build/lib.macosx-10.5-fat3-2.7/Cython/Includes/cpython/string.pxd -> /Library/Frameworks/Python.framework/Versions/2.7/lib/python2.7/site-packages/Cython/Includes/cpython
copying build/lib.macosx-10.5-fat3-2.7/Cython/Includes/cpython/tuple.pxd -> /Library/Frameworks/Python.framework/Versions/2.7/lib/python2.7/site-packages/Cython/Includes/cpython
copying build/lib.macosx-10.5-fat3-2.7/Cython/Includes/cpython/type.pxd -> /Library/Frameworks/Python.framework/Versions/2.7/lib/python2.7/site-packages/Cython/Includes/cpython
copying build/lib.macosx-10.5-fat3-2.7/Cython/Includes/cpython/unicode.pxd -> /Library/Frameworks/Python.framework/Versions/2.7/lib/python2.7/site-packages/Cython/Includes/cpython
copying build/lib.macosx-10.5-fat3-2.7/Cython/Includes/cpython/version.pxd -> /Library/Frameworks/Python.framework/Versions/2.7/lib/python2.7/site-packages/Cython/Includes/cpython
copying build/lib.macosx-10.5-fat3-2.7/Cython/Includes/cpython/weakref.pxd -> /Library/Frameworks/Python.framework/Versions/2.7/lib/python2.7/site-packages/Cython/Includes/cpython
creating /Library/Frameworks/Python.framework/Versions/2.7/lib/python2.7/site-packages/Cython/Includes/Deprecated
copying build/lib.macosx-10.5-fat3-2.7/Cython/Includes/Deprecated/python.pxd -> /Library/Frameworks/Python.framework/Versions/2.7/lib/python2.7/site-packages/Cython/Includes/Deprecated
copying build/lib.macosx-10.5-fat3-2.7/Cython/Includes/Deprecated/python2.5.pxd -> /Library/Frameworks/Python.framework/Versions/2.7/lib/python2.7/site-packages/Cython/Includes/Deprecated
copying build/lib.macosx-10.5-fat3-2.7/Cython/Includes/Deprecated/python_bool.pxd -> /Library/Frameworks/Python.framework/Versions/2.7/lib/python2.7/site-packages/Cython/Includes/Deprecated
copying build/lib.macosx-10.5-fat3-2.7/Cython/Includes/Deprecated/python_buffer.pxd -> /Library/Frameworks/Python.framework/Versions/2.7/lib/python2.7/site-packages/Cython/Includes/Deprecated
copying build/lib.macosx-10.5-fat3-2.7/Cython/Includes/Deprecated/python_bytes.pxd -> /Library/Frameworks/Python.framework/Versions/2.7/lib/python2.7/site-packages/Cython/Includes/Deprecated
copying build/lib.macosx-10.5-fat3-2.7/Cython/Includes/Deprecated/python_cobject.pxd -> /Library/Frameworks/Python.framework/Versions/2.7/lib/python2.7/site-packages/Cython/Includes/Deprecated
copying build/lib.macosx-10.5-fat3-2.7/Cython/Includes/Deprecated/python_complex.pxd -> /Library/Frameworks/Python.framework/Versions/2.7/lib/python2.7/site-packages/Cython/Includes/Deprecated
copying build/lib.macosx-10.5-fat3-2.7/Cython/Includes/Deprecated/python_dict.pxd -> /Library/Frameworks/Python.framework/Versions/2.7/lib/python2.7/site-packages/Cython/Includes/Deprecated
copying build/lib.macosx-10.5-fat3-2.7/Cython/Includes/Deprecated/python_exc.pxd -> /Library/Frameworks/Python.framework/Versions/2.7/lib/python2.7/site-packages/Cython/Includes/Deprecated
copying build/lib.macosx-10.5-fat3-2.7/Cython/Includes/Deprecated/python_float.pxd -> /Library/Frameworks/Python.framework/Versions/2.7/lib/python2.7/site-packages/Cython/Includes/Deprecated
copying build/lib.macosx-10.5-fat3-2.7/Cython/Includes/Deprecated/python_function.pxd -> /Library/Frameworks/Python.framework/Versions/2.7/lib/python2.7/site-packages/Cython/Includes/Deprecated
copying build/lib.macosx-10.5-fat3-2.7/Cython/Includes/Deprecated/python_getargs.pxd -> /Library/Frameworks/Python.framework/Versions/2.7/lib/python2.7/site-packages/Cython/Includes/Deprecated
copying build/lib.macosx-10.5-fat3-2.7/Cython/Includes/Deprecated/python_instance.pxd -> /Library/Frameworks/Python.framework/Versions/2.7/lib/python2.7/site-packages/Cython/Includes/Deprecated
copying build/lib.macosx-10.5-fat3-2.7/Cython/Includes/Deprecated/python_int.pxd -> /Library/Frameworks/Python.framework/Versions/2.7/lib/python2.7/site-packages/Cython/Includes/Deprecated
copying build/lib.macosx-10.5-fat3-2.7/Cython/Includes/Deprecated/python_iterator.pxd -> /Library/Frameworks/Python.framework/Versions/2.7/lib/python2.7/site-packages/Cython/Includes/Deprecated
copying build/lib.macosx-10.5-fat3-2.7/Cython/Includes/Deprecated/python_list.pxd -> /Library/Frameworks/Python.framework/Versions/2.7/lib/python2.7/site-packages/Cython/Includes/Deprecated
copying build/lib.macosx-10.5-fat3-2.7/Cython/Includes/Deprecated/python_long.pxd -> /Library/Frameworks/Python.framework/Versions/2.7/lib/python2.7/site-packages/Cython/Includes/Deprecated
copying build/lib.macosx-10.5-fat3-2.7/Cython/Includes/Deprecated/python_mapping.pxd -> /Library/Frameworks/Python.framework/Versions/2.7/lib/python2.7/site-packages/Cython/Includes/Deprecated
copying build/lib.macosx-10.5-fat3-2.7/Cython/Includes/Deprecated/python_mem.pxd -> /Library/Frameworks/Python.framework/Versions/2.7/lib/python2.7/site-packages/Cython/Includes/Deprecated
copying build/lib.macosx-10.5-fat3-2.7/Cython/Includes/Deprecated/python_method.pxd -> /Library/Frameworks/Python.framework/Versions/2.7/lib/python2.7/site-packages/Cython/Includes/Deprecated
copying build/lib.macosx-10.5-fat3-2.7/Cython/Includes/Deprecated/python_module.pxd -> /Library/Frameworks/Python.framework/Versions/2.7/lib/python2.7/site-packages/Cython/Includes/Deprecated
copying build/lib.macosx-10.5-fat3-2.7/Cython/Includes/Deprecated/python_number.pxd -> /Library/Frameworks/Python.framework/Versions/2.7/lib/python2.7/site-packages/Cython/Includes/Deprecated
copying build/lib.macosx-10.5-fat3-2.7/Cython/Includes/Deprecated/python_object.pxd -> /Library/Frameworks/Python.framework/Versions/2.7/lib/python2.7/site-packages/Cython/Includes/Deprecated
copying build/lib.macosx-10.5-fat3-2.7/Cython/Includes/Deprecated/python_oldbuffer.pxd -> /Library/Frameworks/Python.framework/Versions/2.7/lib/python2.7/site-packages/Cython/Includes/Deprecated
copying build/lib.macosx-10.5-fat3-2.7/Cython/Includes/Deprecated/python_pycapsule.pxd -> /Library/Frameworks/Python.framework/Versions/2.7/lib/python2.7/site-packages/Cython/Includes/Deprecated
copying build/lib.macosx-10.5-fat3-2.7/Cython/Includes/Deprecated/python_ref.pxd -> /Library/Frameworks/Python.framework/Versions/2.7/lib/python2.7/site-packages/Cython/Includes/Deprecated
copying build/lib.macosx-10.5-fat3-2.7/Cython/Includes/Deprecated/python_sequence.pxd -> /Library/Frameworks/Python.framework/Versions/2.7/lib/python2.7/site-packages/Cython/Includes/Deprecated
copying build/lib.macosx-10.5-fat3-2.7/Cython/Includes/Deprecated/python_set.pxd -> /Library/Frameworks/Python.framework/Versions/2.7/lib/python2.7/site-packages/Cython/Includes/Deprecated
copying build/lib.macosx-10.5-fat3-2.7/Cython/Includes/Deprecated/python_string.pxd -> /Library/Frameworks/Python.framework/Versions/2.7/lib/python2.7/site-packages/Cython/Includes/Deprecated
copying build/lib.macosx-10.5-fat3-2.7/Cython/Includes/Deprecated/python_tuple.pxd -> /Library/Frameworks/Python.framework/Versions/2.7/lib/python2.7/site-packages/Cython/Includes/Deprecated
copying build/lib.macosx-10.5-fat3-2.7/Cython/Includes/Deprecated/python_type.pxd -> /Library/Frameworks/Python.framework/Versions/2.7/lib/python2.7/site-packages/Cython/Includes/Deprecated
copying build/lib.macosx-10.5-fat3-2.7/Cython/Includes/Deprecated/python_unicode.pxd -> /Library/Frameworks/Python.framework/Versions/2.7/lib/python2.7/site-packages/Cython/Includes/Deprecated
copying build/lib.macosx-10.5-fat3-2.7/Cython/Includes/Deprecated/python_version.pxd -> /Library/Frameworks/Python.framework/Versions/2.7/lib/python2.7/site-packages/Cython/Includes/Deprecated
copying build/lib.macosx-10.5-fat3-2.7/Cython/Includes/Deprecated/python_weakref.pxd -> /Library/Frameworks/Python.framework/Versions/2.7/lib/python2.7/site-packages/Cython/Includes/Deprecated
copying build/lib.macosx-10.5-fat3-2.7/Cython/Includes/Deprecated/stdio.pxd -> /Library/Frameworks/Python.framework/Versions/2.7/lib/python2.7/site-packages/Cython/Includes/Deprecated
copying build/lib.macosx-10.5-fat3-2.7/Cython/Includes/Deprecated/stdlib.pxd -> /Library/Frameworks/Python.framework/Versions/2.7/lib/python2.7/site-packages/Cython/Includes/Deprecated
copying build/lib.macosx-10.5-fat3-2.7/Cython/Includes/Deprecated/stl.pxd -> /Library/Frameworks/Python.framework/Versions/2.7/lib/python2.7/site-packages/Cython/Includes/Deprecated
creating /Library/Frameworks/Python.framework/Versions/2.7/lib/python2.7/site-packages/Cython/Includes/libc
copying build/lib.macosx-10.5-fat3-2.7/Cython/Includes/libc/__init__.pxd -> /Library/Frameworks/Python.framework/Versions/2.7/lib/python2.7/site-packages/Cython/Includes/libc
copying build/lib.macosx-10.5-fat3-2.7/Cython/Includes/libc/errno.pxd -> /Library/Frameworks/Python.framework/Versions/2.7/lib/python2.7/site-packages/Cython/Includes/libc
copying build/lib.macosx-10.5-fat3-2.7/Cython/Includes/libc/float.pxd -> /Library/Frameworks/Python.framework/Versions/2.7/lib/python2.7/site-packages/Cython/Includes/libc
copying build/lib.macosx-10.5-fat3-2.7/Cython/Includes/libc/limits.pxd -> /Library/Frameworks/Python.framework/Versions/2.7/lib/python2.7/site-packages/Cython/Includes/libc
copying build/lib.macosx-10.5-fat3-2.7/Cython/Includes/libc/locale.pxd -> /Library/Frameworks/Python.framework/Versions/2.7/lib/python2.7/site-packages/Cython/Includes/libc
copying build/lib.macosx-10.5-fat3-2.7/Cython/Includes/libc/signal.pxd -> /Library/Frameworks/Python.framework/Versions/2.7/lib/python2.7/site-packages/Cython/Includes/libc
copying build/lib.macosx-10.5-fat3-2.7/Cython/Includes/libc/stddef.pxd -> /Library/Frameworks/Python.framework/Versions/2.7/lib/python2.7/site-packages/Cython/Includes/libc
copying build/lib.macosx-10.5-fat3-2.7/Cython/Includes/libc/stdint.pxd -> /Library/Frameworks/Python.framework/Versions/2.7/lib/python2.7/site-packages/Cython/Includes/libc
copying build/lib.macosx-10.5-fat3-2.7/Cython/Includes/libc/stdio.pxd -> /Library/Frameworks/Python.framework/Versions/2.7/lib/python2.7/site-packages/Cython/Includes/libc
copying build/lib.macosx-10.5-fat3-2.7/Cython/Includes/libc/stdlib.pxd -> /Library/Frameworks/Python.framework/Versions/2.7/lib/python2.7/site-packages/Cython/Includes/libc
copying build/lib.macosx-10.5-fat3-2.7/Cython/Includes/libc/string.pxd -> /Library/Frameworks/Python.framework/Versions/2.7/lib/python2.7/site-packages/Cython/Includes/libc
creating /Library/Frameworks/Python.framework/Versions/2.7/lib/python2.7/site-packages/Cython/Includes/libcpp
copying build/lib.macosx-10.5-fat3-2.7/Cython/Includes/libcpp/__init__.pxd -> /Library/Frameworks/Python.framework/Versions/2.7/lib/python2.7/site-packages/Cython/Includes/libcpp
copying build/lib.macosx-10.5-fat3-2.7/Cython/Includes/libcpp/deque.pxd -> /Library/Frameworks/Python.framework/Versions/2.7/lib/python2.7/site-packages/Cython/Includes/libcpp
copying build/lib.macosx-10.5-fat3-2.7/Cython/Includes/libcpp/list.pxd -> /Library/Frameworks/Python.framework/Versions/2.7/lib/python2.7/site-packages/Cython/Includes/libcpp
copying build/lib.macosx-10.5-fat3-2.7/Cython/Includes/libcpp/map.pxd -> /Library/Frameworks/Python.framework/Versions/2.7/lib/python2.7/site-packages/Cython/Includes/libcpp
copying build/lib.macosx-10.5-fat3-2.7/Cython/Includes/libcpp/pair.pxd -> /Library/Frameworks/Python.framework/Versions/2.7/lib/python2.7/site-packages/Cython/Includes/libcpp
copying build/lib.macosx-10.5-fat3-2.7/Cython/Includes/libcpp/queue.pxd -> /Library/Frameworks/Python.framework/Versions/2.7/lib/python2.7/site-packages/Cython/Includes/libcpp
copying build/lib.macosx-10.5-fat3-2.7/Cython/Includes/libcpp/set.pxd -> /Library/Frameworks/Python.framework/Versions/2.7/lib/python2.7/site-packages/Cython/Includes/libcpp
copying build/lib.macosx-10.5-fat3-2.7/Cython/Includes/libcpp/stack.pxd -> /Library/Frameworks/Python.framework/Versions/2.7/lib/python2.7/site-packages/Cython/Includes/libcpp
copying build/lib.macosx-10.5-fat3-2.7/Cython/Includes/libcpp/vector.pxd -> /Library/Frameworks/Python.framework/Versions/2.7/lib/python2.7/site-packages/Cython/Includes/libcpp
copying build/lib.macosx-10.5-fat3-2.7/Cython/Includes/numpy.pxd -> /Library/Frameworks/Python.framework/Versions/2.7/lib/python2.7/site-packages/Cython/Includes
creating /Library/Frameworks/Python.framework/Versions/2.7/lib/python2.7/site-packages/Cython/Includes/posix
copying build/lib.macosx-10.5-fat3-2.7/Cython/Includes/posix/__init__.pxd -> /Library/Frameworks/Python.framework/Versions/2.7/lib/python2.7/site-packages/Cython/Includes/posix
copying build/lib.macosx-10.5-fat3-2.7/Cython/Includes/posix/fcntl.pxd -> /Library/Frameworks/Python.framework/Versions/2.7/lib/python2.7/site-packages/Cython/Includes/posix
copying build/lib.macosx-10.5-fat3-2.7/Cython/Includes/posix/unistd.pxd -> /Library/Frameworks/Python.framework/Versions/2.7/lib/python2.7/site-packages/Cython/Includes/posix
creating /Library/Frameworks/Python.framework/Versions/2.7/lib/python2.7/site-packages/Cython/Plex
copying build/lib.macosx-10.5-fat3-2.7/Cython/Plex/__init__.py -> /Library/Frameworks/Python.framework/Versions/2.7/lib/python2.7/site-packages/Cython/Plex
copying build/lib.macosx-10.5-fat3-2.7/Cython/Plex/Actions.py -> /Library/Frameworks/Python.framework/Versions/2.7/lib/python2.7/site-packages/Cython/Plex
copying build/lib.macosx-10.5-fat3-2.7/Cython/Plex/DFA.py -> /Library/Frameworks/Python.framework/Versions/2.7/lib/python2.7/site-packages/Cython/Plex
copying build/lib.macosx-10.5-fat3-2.7/Cython/Plex/Errors.py -> /Library/Frameworks/Python.framework/Versions/2.7/lib/python2.7/site-packages/Cython/Plex
copying build/lib.macosx-10.5-fat3-2.7/Cython/Plex/Lexicons.py -> /Library/Frameworks/Python.framework/Versions/2.7/lib/python2.7/site-packages/Cython/Plex
copying build/lib.macosx-10.5-fat3-2.7/Cython/Plex/Machines.py -> /Library/Frameworks/Python.framework/Versions/2.7/lib/python2.7/site-packages/Cython/Plex
copying build/lib.macosx-10.5-fat3-2.7/Cython/Plex/Regexps.py -> /Library/Frameworks/Python.framework/Versions/2.7/lib/python2.7/site-packages/Cython/Plex
copying build/lib.macosx-10.5-fat3-2.7/Cython/Plex/Scanners.pxd -> /Library/Frameworks/Python.framework/Versions/2.7/lib/python2.7/site-packages/Cython/Plex
copying build/lib.macosx-10.5-fat3-2.7/Cython/Plex/Scanners.py -> /Library/Frameworks/Python.framework/Versions/2.7/lib/python2.7/site-packages/Cython/Plex
copying build/lib.macosx-10.5-fat3-2.7/Cython/Plex/Scanners.so -> /Library/Frameworks/Python.framework/Versions/2.7/lib/python2.7/site-packages/Cython/Plex
copying build/lib.macosx-10.5-fat3-2.7/Cython/Plex/Timing.py -> /Library/Frameworks/Python.framework/Versions/2.7/lib/python2.7/site-packages/Cython/Plex
copying build/lib.macosx-10.5-fat3-2.7/Cython/Plex/Traditional.py -> /Library/Frameworks/Python.framework/Versions/2.7/lib/python2.7/site-packages/Cython/Plex
copying build/lib.macosx-10.5-fat3-2.7/Cython/Plex/Transitions.py -> /Library/Frameworks/Python.framework/Versions/2.7/lib/python2.7/site-packages/Cython/Plex
creating /Library/Frameworks/Python.framework/Versions/2.7/lib/python2.7/site-packages/Cython/Runtime
copying build/lib.macosx-10.5-fat3-2.7/Cython/Runtime/__init__.py -> /Library/Frameworks/Python.framework/Versions/2.7/lib/python2.7/site-packages/Cython/Runtime
copying build/lib.macosx-10.5-fat3-2.7/Cython/Runtime/refnanny.pyx -> /Library/Frameworks/Python.framework/Versions/2.7/lib/python2.7/site-packages/Cython/Runtime
copying build/lib.macosx-10.5-fat3-2.7/Cython/Runtime/refnanny.so -> /Library/Frameworks/Python.framework/Versions/2.7/lib/python2.7/site-packages/Cython/Runtime
copying build/lib.macosx-10.5-fat3-2.7/Cython/Shadow.py -> /Library/Frameworks/Python.framework/Versions/2.7/lib/python2.7/site-packages/Cython
copying build/lib.macosx-10.5-fat3-2.7/Cython/StringIOTree.py -> /Library/Frameworks/Python.framework/Versions/2.7/lib/python2.7/site-packages/Cython
creating /Library/Frameworks/Python.framework/Versions/2.7/lib/python2.7/site-packages/Cython/Tests
copying build/lib.macosx-10.5-fat3-2.7/Cython/Tests/__init__.py -> /Library/Frameworks/Python.framework/Versions/2.7/lib/python2.7/site-packages/Cython/Tests
copying build/lib.macosx-10.5-fat3-2.7/Cython/Tests/TestCodeWriter.py -> /Library/Frameworks/Python.framework/Versions/2.7/lib/python2.7/site-packages/Cython/Tests
copying build/lib.macosx-10.5-fat3-2.7/Cython/Tests/xmlrunner.py -> /Library/Frameworks/Python.framework/Versions/2.7/lib/python2.7/site-packages/Cython/Tests
copying build/lib.macosx-10.5-fat3-2.7/Cython/TestUtils.py -> /Library/Frameworks/Python.framework/Versions/2.7/lib/python2.7/site-packages/Cython
copying build/lib.macosx-10.5-fat3-2.7/Cython/Utils.py -> /Library/Frameworks/Python.framework/Versions/2.7/lib/python2.7/site-packages/Cython
copying build/lib.macosx-10.5-fat3-2.7/cython.py -> /Library/Frameworks/Python.framework/Versions/2.7/lib/python2.7/site-packages
creating /Library/Frameworks/Python.framework/Versions/2.7/lib/python2.7/site-packages/pyximport
copying build/lib.macosx-10.5-fat3-2.7/pyximport/__init__.py -> /Library/Frameworks/Python.framework/Versions/2.7/lib/python2.7/site-packages/pyximport
copying build/lib.macosx-10.5-fat3-2.7/pyximport/pyxbuild.py -> /Library/Frameworks/Python.framework/Versions/2.7/lib/python2.7/site-packages/pyximport
copying build/lib.macosx-10.5-fat3-2.7/pyximport/pyximport.py -> /Library/Frameworks/Python.framework/Versions/2.7/lib/python2.7/site-packages/pyximport
byte-compiling /Library/Frameworks/Python.framework/Versions/2.7/lib/python2.7/site-packages/Cython/__init__.py to __init__.pyc
byte-compiling /Library/Frameworks/Python.framework/Versions/2.7/lib/python2.7/site-packages/Cython/CodeWriter.py to CodeWriter.pyc
byte-compiling /Library/Frameworks/Python.framework/Versions/2.7/lib/python2.7/site-packages/Cython/Compiler/__init__.py to __init__.pyc
byte-compiling /Library/Frameworks/Python.framework/Versions/2.7/lib/python2.7/site-packages/Cython/Compiler/AnalysedTreeTransforms.py to AnalysedTreeTransforms.pyc
byte-compiling /Library/Frameworks/Python.framework/Versions/2.7/lib/python2.7/site-packages/Cython/Compiler/Annotate.py to Annotate.pyc
byte-compiling /Library/Frameworks/Python.framework/Versions/2.7/lib/python2.7/site-packages/Cython/Compiler/AutoDocTransforms.py to AutoDocTransforms.pyc
byte-compiling /Library/Frameworks/Python.framework/Versions/2.7/lib/python2.7/site-packages/Cython/Compiler/Buffer.py to Buffer.pyc
byte-compiling /Library/Frameworks/Python.framework/Versions/2.7/lib/python2.7/site-packages/Cython/Compiler/Builtin.py to Builtin.pyc
byte-compiling /Library/Frameworks/Python.framework/Versions/2.7/lib/python2.7/site-packages/Cython/Compiler/CmdLine.py to CmdLine.pyc
byte-compiling /Library/Frameworks/Python.framework/Versions/2.7/lib/python2.7/site-packages/Cython/Compiler/Code.py to Code.pyc
byte-compiling /Library/Frameworks/Python.framework/Versions/2.7/lib/python2.7/site-packages/Cython/Compiler/CodeGeneration.py to CodeGeneration.pyc
byte-compiling /Library/Frameworks/Python.framework/Versions/2.7/lib/python2.7/site-packages/Cython/Compiler/ControlFlow.py to ControlFlow.pyc
byte-compiling /Library/Frameworks/Python.framework/Versions/2.7/lib/python2.7/site-packages/Cython/Compiler/CythonScope.py to CythonScope.pyc
byte-compiling /Library/Frameworks/Python.framework/Versions/2.7/lib/python2.7/site-packages/Cython/Compiler/DebugFlags.py to DebugFlags.pyc
byte-compiling /Library/Frameworks/Python.framework/Versions/2.7/lib/python2.7/site-packages/Cython/Compiler/Errors.py to Errors.pyc
byte-compiling /Library/Frameworks/Python.framework/Versions/2.7/lib/python2.7/site-packages/Cython/Compiler/ExprNodes.py to ExprNodes.pyc
byte-compiling /Library/Frameworks/Python.framework/Versions/2.7/lib/python2.7/site-packages/Cython/Compiler/Future.py to Future.pyc
byte-compiling /Library/Frameworks/Python.framework/Versions/2.7/lib/python2.7/site-packages/Cython/Compiler/Interpreter.py to Interpreter.pyc
byte-compiling /Library/Frameworks/Python.framework/Versions/2.7/lib/python2.7/site-packages/Cython/Compiler/Lexicon.py to Lexicon.pyc
byte-compiling /Library/Frameworks/Python.framework/Versions/2.7/lib/python2.7/site-packages/Cython/Compiler/Main.py to Main.pyc
byte-compiling /Library/Frameworks/Python.framework/Versions/2.7/lib/python2.7/site-packages/Cython/Compiler/ModuleNode.py to ModuleNode.pyc
byte-compiling /Library/Frameworks/Python.framework/Versions/2.7/lib/python2.7/site-packages/Cython/Compiler/Naming.py to Naming.pyc
byte-compiling /Library/Frameworks/Python.framework/Versions/2.7/lib/python2.7/site-packages/Cython/Compiler/Nodes.py to Nodes.pyc
byte-compiling /Library/Frameworks/Python.framework/Versions/2.7/lib/python2.7/site-packages/Cython/Compiler/Optimize.py to Optimize.pyc
byte-compiling /Library/Frameworks/Python.framework/Versions/2.7/lib/python2.7/site-packages/Cython/Compiler/Options.py to Options.pyc
byte-compiling /Library/Frameworks/Python.framework/Versions/2.7/lib/python2.7/site-packages/Cython/Compiler/ParseTreeTransforms.py to ParseTreeTransforms.pyc
byte-compiling /Library/Frameworks/Python.framework/Versions/2.7/lib/python2.7/site-packages/Cython/Compiler/Parsing.py to Parsing.pyc
byte-compiling /Library/Frameworks/Python.framework/Versions/2.7/lib/python2.7/site-packages/Cython/Compiler/PyrexTypes.py to PyrexTypes.pyc
byte-compiling /Library/Frameworks/Python.framework/Versions/2.7/lib/python2.7/site-packages/Cython/Compiler/Scanning.py to Scanning.pyc
byte-compiling /Library/Frameworks/Python.framework/Versions/2.7/lib/python2.7/site-packages/Cython/Compiler/StringEncoding.py to StringEncoding.pyc
byte-compiling /Library/Frameworks/Python.framework/Versions/2.7/lib/python2.7/site-packages/Cython/Compiler/Symtab.py to Symtab.pyc
byte-compiling /Library/Frameworks/Python.framework/Versions/2.7/lib/python2.7/site-packages/Cython/Compiler/Tests/__init__.py to __init__.pyc
byte-compiling /Library/Frameworks/Python.framework/Versions/2.7/lib/python2.7/site-packages/Cython/Compiler/Tests/TestBuffer.py to TestBuffer.pyc
byte-compiling /Library/Frameworks/Python.framework/Versions/2.7/lib/python2.7/site-packages/Cython/Compiler/Tests/TestDecorators.py to TestDecorators.pyc
byte-compiling /Library/Frameworks/Python.framework/Versions/2.7/lib/python2.7/site-packages/Cython/Compiler/Tests/TestParseTreeTransforms.py to TestParseTreeTransforms.pyc
byte-compiling /Library/Frameworks/Python.framework/Versions/2.7/lib/python2.7/site-packages/Cython/Compiler/Tests/TestTreeFragment.py to TestTreeFragment.pyc
byte-compiling /Library/Frameworks/Python.framework/Versions/2.7/lib/python2.7/site-packages/Cython/Compiler/Tests/TestTreePath.py to TestTreePath.pyc
byte-compiling /Library/Frameworks/Python.framework/Versions/2.7/lib/python2.7/site-packages/Cython/Compiler/TreeFragment.py to TreeFragment.pyc
byte-compiling /Library/Frameworks/Python.framework/Versions/2.7/lib/python2.7/site-packages/Cython/Compiler/TreePath.py to TreePath.pyc
byte-compiling /Library/Frameworks/Python.framework/Versions/2.7/lib/python2.7/site-packages/Cython/Compiler/TypeInference.py to TypeInference.pyc
byte-compiling /Library/Frameworks/Python.framework/Versions/2.7/lib/python2.7/site-packages/Cython/Compiler/TypeSlots.py to TypeSlots.pyc
byte-compiling /Library/Frameworks/Python.framework/Versions/2.7/lib/python2.7/site-packages/Cython/Compiler/UtilNodes.py to UtilNodes.pyc
byte-compiling /Library/Frameworks/Python.framework/Versions/2.7/lib/python2.7/site-packages/Cython/Compiler/Version.py to Version.pyc
byte-compiling /Library/Frameworks/Python.framework/Versions/2.7/lib/python2.7/site-packages/Cython/Compiler/Visitor.py to Visitor.pyc
byte-compiling /Library/Frameworks/Python.framework/Versions/2.7/lib/python2.7/site-packages/Cython/Debugging.py to Debugging.pyc
byte-compiling /Library/Frameworks/Python.framework/Versions/2.7/lib/python2.7/site-packages/Cython/Distutils/__init__.py to __init__.pyc
byte-compiling /Library/Frameworks/Python.framework/Versions/2.7/lib/python2.7/site-packages/Cython/Distutils/build_ext.py to build_ext.pyc
byte-compiling /Library/Frameworks/Python.framework/Versions/2.7/lib/python2.7/site-packages/Cython/Distutils/extension.py to extension.pyc
byte-compiling /Library/Frameworks/Python.framework/Versions/2.7/lib/python2.7/site-packages/Cython/Plex/__init__.py to __init__.pyc
byte-compiling /Library/Frameworks/Python.framework/Versions/2.7/lib/python2.7/site-packages/Cython/Plex/Actions.py to Actions.pyc
byte-compiling /Library/Frameworks/Python.framework/Versions/2.7/lib/python2.7/site-packages/Cython/Plex/DFA.py to DFA.pyc
byte-compiling /Library/Frameworks/Python.framework/Versions/2.7/lib/python2.7/site-packages/Cython/Plex/Errors.py to Errors.pyc
byte-compiling /Library/Frameworks/Python.framework/Versions/2.7/lib/python2.7/site-packages/Cython/Plex/Lexicons.py to Lexicons.pyc
byte-compiling /Library/Frameworks/Python.framework/Versions/2.7/lib/python2.7/site-packages/Cython/Plex/Machines.py to Machines.pyc
byte-compiling /Library/Frameworks/Python.framework/Versions/2.7/lib/python2.7/site-packages/Cython/Plex/Regexps.py to Regexps.pyc
byte-compiling /Library/Frameworks/Python.framework/Versions/2.7/lib/python2.7/site-packages/Cython/Plex/Scanners.py to Scanners.pyc
byte-compiling /Library/Frameworks/Python.framework/Versions/2.7/lib/python2.7/site-packages/Cython/Plex/Timing.py to Timing.pyc
byte-compiling /Library/Frameworks/Python.framework/Versions/2.7/lib/python2.7/site-packages/Cython/Plex/Traditional.py to Traditional.pyc
byte-compiling /Library/Frameworks/Python.framework/Versions/2.7/lib/python2.7/site-packages/Cython/Plex/Transitions.py to Transitions.pyc
byte-compiling /Library/Frameworks/Python.framework/Versions/2.7/lib/python2.7/site-packages/Cython/Runtime/__init__.py to __init__.pyc
byte-compiling /Library/Frameworks/Python.framework/Versions/2.7/lib/python2.7/site-packages/Cython/Shadow.py to Shadow.pyc
byte-compiling /Library/Frameworks/Python.framework/Versions/2.7/lib/python2.7/site-packages/Cython/StringIOTree.py to StringIOTree.pyc
byte-compiling /Library/Frameworks/Python.framework/Versions/2.7/lib/python2.7/site-packages/Cython/Tests/__init__.py to __init__.pyc
byte-compiling /Library/Frameworks/Python.framework/Versions/2.7/lib/python2.7/site-packages/Cython/Tests/TestCodeWriter.py to TestCodeWriter.pyc
byte-compiling /Library/Frameworks/Python.framework/Versions/2.7/lib/python2.7/site-packages/Cython/Tests/xmlrunner.py to xmlrunner.pyc
byte-compiling /Library/Frameworks/Python.framework/Versions/2.7/lib/python2.7/site-packages/Cython/TestUtils.py to TestUtils.pyc
byte-compiling /Library/Frameworks/Python.framework/Versions/2.7/lib/python2.7/site-packages/Cython/Utils.py to Utils.pyc
byte-compiling /Library/Frameworks/Python.framework/Versions/2.7/lib/python2.7/site-packages/cython.py to cython.pyc
byte-compiling /Library/Frameworks/Python.framework/Versions/2.7/lib/python2.7/site-packages/pyximport/__init__.py to __init__.pyc
byte-compiling /Library/Frameworks/Python.framework/Versions/2.7/lib/python2.7/site-packages/pyximport/pyxbuild.py to pyxbuild.pyc
byte-compiling /Library/Frameworks/Python.framework/Versions/2.7/lib/python2.7/site-packages/pyximport/pyximport.py to pyximport.pyc
running install_scripts
copying build/scripts-2.7/cython -> /Library/Frameworks/Python.framework/Versions/2.7/bin
changing mode of /Library/Frameworks/Python.framework/Versions/2.7/bin/cython to 755
running install_egg_info
Writing /Library/Frameworks/Python.framework/Versions/2.7/lib/python2.7/site-packages/Cython-0.13-py2.7.egg-info
