basedirlist is: ['/usr/local']
============================================================================
BUILDING MATPLOTLIB
            matplotlib: 1.0.0
                python: 2.5.4 (r254:67917, Dec 23 2008, 14:57:27)  [GCC
                        4.0.1 (Apple Computer, Inc. build 5363)]
              platform: darwin

REQUIRED DEPENDENCIES
                 numpy: 1.5.0rc1
             freetype2: found, but unknown version (no pkg-config)

OPTIONAL BACKEND DEPENDENCIES
                libpng: found, but unknown version (no pkg-config)
               Tkinter: Tkinter: 67737, Tk: 8.4, Tcl: 8.4
                  Gtk+: no
                        * Building for Gtk+ requires pygtk; you must be able
                        * to "import gtk" in your build/install environment
       Mac OS X native: yes
                    Qt: no
                   Qt4: no
                 Cairo: no

OPTIONAL DATE/TIMEZONE DEPENDENCIES
              datetime: present, version unknown
              dateutil: matplotlib will provide
                  pytz: matplotlib will provide
adding pytz

OPTIONAL USETEX DEPENDENCIES
                dvipng: no
           ghostscript: 8.71
                 latex: no

[Edit setup.cfg to suppress the above messages]
============================================================================
pymods ['pylab']
packages ['matplotlib', 'matplotlib.backends', 'matplotlib.backends.qt4_editor', 'matplotlib.projections', 'matplotlib.testing', 'matplotlib.testing.jpl_units', 'matplotlib.tests', 'mpl_toolkits', 'mpl_toolkits.mplot3d', 'mpl_toolkits.axes_grid', 'mpl_toolkits.axes_grid1', 'mpl_toolkits.axisartist', 'matplotlib.sphinxext', 'matplotlib.tri', 'matplotlib.delaunay', 'pytz', 'dateutil', 'dateutil/zoneinfo']
running build
running build_py
copying lib/matplotlib/mpl-data/matplotlibrc -> build/lib.macosx-10.3-i386-2.5/matplotlib/mpl-data
copying lib/matplotlib/mpl-data/matplotlib.conf -> build/lib.macosx-10.3-i386-2.5/matplotlib/mpl-data
running build_ext
building 'matplotlib.backends._tkagg' extension
g++ -arch i386 -arch ppc -isysroot /Developer/SDKs/MacOSX10.4u.sdk -g -bundle -undefined dynamic_lookup build/temp.macosx-10.3-i386-2.5/src/agg_py_transforms.o build/temp.macosx-10.3-i386-2.5/src/_tkagg.o build/temp.macosx-10.3-i386-2.5/CXX/cxx_extensions.o build/temp.macosx-10.3-i386-2.5/CXX/cxxsupport.o build/temp.macosx-10.3-i386-2.5/CXX/IndirectPythonInterface.o build/temp.macosx-10.3-i386-2.5/CXX/cxxextensions.o -L/usr/local/lib -L/usr/local/lib -lstdc++ -lm -lfreetype -lz -lstdc++ -lm -o build/lib.macosx-10.3-i386-2.5/matplotlib/backends/_tkagg.so -framework Tcl -framework Tk
building 'matplotlib.backends._macosx' extension
gcc -arch ppc -arch i386 -isysroot /Developer/SDKs/MacOSX10.4u.sdk -fno-strict-aliasing -Wno-long-double -no-cpp-precomp -mno-fused-madd -fno-common -dynamic -DNDEBUG -g -O3 -DPY_ARRAY_UNIQUE_SYMBOL=MPL_ARRAY_API -DPYCXX_ISO_CPP_LIB=1 -I/Library/Frameworks/Python.framework/Versions/2.5/lib/python2.5/site-packages/numpy/core/include -I/usr/local/include -I. -I/Library/Frameworks/Python.framework/Versions/2.5/lib/python2.5/site-packages/numpy/core/include -Isrc -Iagg24/include -I. -I/Library/Frameworks/Python.framework/Versions/2.5/include/python2.5 -c src/_macosx.m -o build/temp.macosx-10.3-i386-2.5/src/_macosx.o
g++ -arch i386 -arch ppc -isysroot /Developer/SDKs/MacOSX10.4u.sdk -g -bundle -undefined dynamic_lookup build/temp.macosx-10.3-i386-2.5/src/_macosx.o build/temp.macosx-10.3-i386-2.5/CXX/cxx_extensions.o build/temp.macosx-10.3-i386-2.5/CXX/cxxextensions.o build/temp.macosx-10.3-i386-2.5/CXX/cxxsupport.o build/temp.macosx-10.3-i386-2.5/CXX/IndirectPythonInterface.o build/temp.macosx-10.3-i386-2.5/src/agg_py_transforms.o build/temp.macosx-10.3-i386-2.5/src/path_cleanup.o -L/usr/local/lib -lstdc++ -lm -o build/lib.macosx-10.3-i386-2.5/matplotlib/backends/_macosx.so -framework Cocoa
