running build
running build_py
creating build
creating build/lib.macosx-10.5-fat3-2.7
creating build/lib.macosx-10.5-fat3-2.7/pyximport
copying pyximport/__init__.py -> build/lib.macosx-10.5-fat3-2.7/pyximport
copying pyximport/pyximport.py -> build/lib.macosx-10.5-fat3-2.7/pyximport
copying pyximport/pyxbuild.py -> build/lib.macosx-10.5-fat3-2.7/pyximport
copying cython.py -> build/lib.macosx-10.5-fat3-2.7
creating build/lib.macosx-10.5-fat3-2.7/Cython
copying Cython/__init__.py -> build/lib.macosx-10.5-fat3-2.7/Cython
copying Cython/CodeWriter.py -> build/lib.macosx-10.5-fat3-2.7/Cython
copying Cython/Debugging.py -> build/lib.macosx-10.5-fat3-2.7/Cython
copying Cython/Shadow.py -> build/lib.macosx-10.5-fat3-2.7/Cython
copying Cython/StringIOTree.py -> build/lib.macosx-10.5-fat3-2.7/Cython
copying Cython/TestUtils.py -> build/lib.macosx-10.5-fat3-2.7/Cython
copying Cython/Utils.py -> build/lib.macosx-10.5-fat3-2.7/Cython
creating build/lib.macosx-10.5-fat3-2.7/Cython/Compiler
copying Cython/Compiler/__init__.py -> build/lib.macosx-10.5-fat3-2.7/Cython/Compiler
copying Cython/Compiler/AnalysedTreeTransforms.py -> build/lib.macosx-10.5-fat3-2.7/Cython/Compiler
copying Cython/Compiler/Annotate.py -> build/lib.macosx-10.5-fat3-2.7/Cython/Compiler
copying Cython/Compiler/AutoDocTransforms.py -> build/lib.macosx-10.5-fat3-2.7/Cython/Compiler
copying Cython/Compiler/Buffer.py -> build/lib.macosx-10.5-fat3-2.7/Cython/Compiler
copying Cython/Compiler/Builtin.py -> build/lib.macosx-10.5-fat3-2.7/Cython/Compiler
copying Cython/Compiler/CmdLine.py -> build/lib.macosx-10.5-fat3-2.7/Cython/Compiler
copying Cython/Compiler/Code.py -> build/lib.macosx-10.5-fat3-2.7/Cython/Compiler
copying Cython/Compiler/CodeGeneration.py -> build/lib.macosx-10.5-fat3-2.7/Cython/Compiler
copying Cython/Compiler/ControlFlow.py -> build/lib.macosx-10.5-fat3-2.7/Cython/Compiler
copying Cython/Compiler/CythonScope.py -> build/lib.macosx-10.5-fat3-2.7/Cython/Compiler
copying Cython/Compiler/DebugFlags.py -> build/lib.macosx-10.5-fat3-2.7/Cython/Compiler
copying Cython/Compiler/Errors.py -> build/lib.macosx-10.5-fat3-2.7/Cython/Compiler
copying Cython/Compiler/ExprNodes.py -> build/lib.macosx-10.5-fat3-2.7/Cython/Compiler
copying Cython/Compiler/Future.py -> build/lib.macosx-10.5-fat3-2.7/Cython/Compiler
copying Cython/Compiler/Interpreter.py -> build/lib.macosx-10.5-fat3-2.7/Cython/Compiler
copying Cython/Compiler/Lexicon.py -> build/lib.macosx-10.5-fat3-2.7/Cython/Compiler
copying Cython/Compiler/Main.py -> build/lib.macosx-10.5-fat3-2.7/Cython/Compiler
copying Cython/Compiler/ModuleNode.py -> build/lib.macosx-10.5-fat3-2.7/Cython/Compiler
copying Cython/Compiler/Naming.py -> build/lib.macosx-10.5-fat3-2.7/Cython/Compiler
copying Cython/Compiler/Nodes.py -> build/lib.macosx-10.5-fat3-2.7/Cython/Compiler
copying Cython/Compiler/Optimize.py -> build/lib.macosx-10.5-fat3-2.7/Cython/Compiler
copying Cython/Compiler/Options.py -> build/lib.macosx-10.5-fat3-2.7/Cython/Compiler
copying Cython/Compiler/ParseTreeTransforms.py -> build/lib.macosx-10.5-fat3-2.7/Cython/Compiler
copying Cython/Compiler/Parsing.py -> build/lib.macosx-10.5-fat3-2.7/Cython/Compiler
copying Cython/Compiler/PyrexTypes.py -> build/lib.macosx-10.5-fat3-2.7/Cython/Compiler
copying Cython/Compiler/Scanning.py -> build/lib.macosx-10.5-fat3-2.7/Cython/Compiler
copying Cython/Compiler/StringEncoding.py -> build/lib.macosx-10.5-fat3-2.7/Cython/Compiler
copying Cython/Compiler/Symtab.py -> build/lib.macosx-10.5-fat3-2.7/Cython/Compiler
copying Cython/Compiler/TreeFragment.py -> build/lib.macosx-10.5-fat3-2.7/Cython/Compiler
copying Cython/Compiler/TreePath.py -> build/lib.macosx-10.5-fat3-2.7/Cython/Compiler
copying Cython/Compiler/TypeInference.py -> build/lib.macosx-10.5-fat3-2.7/Cython/Compiler
copying Cython/Compiler/TypeSlots.py -> build/lib.macosx-10.5-fat3-2.7/Cython/Compiler
copying Cython/Compiler/UtilNodes.py -> build/lib.macosx-10.5-fat3-2.7/Cython/Compiler
copying Cython/Compiler/Version.py -> build/lib.macosx-10.5-fat3-2.7/Cython/Compiler
copying Cython/Compiler/Visitor.py -> build/lib.macosx-10.5-fat3-2.7/Cython/Compiler
creating build/lib.macosx-10.5-fat3-2.7/Cython/Runtime
copying Cython/Runtime/__init__.py -> build/lib.macosx-10.5-fat3-2.7/Cython/Runtime
creating build/lib.macosx-10.5-fat3-2.7/Cython/Distutils
copying Cython/Distutils/__init__.py -> build/lib.macosx-10.5-fat3-2.7/Cython/Distutils
copying Cython/Distutils/build_ext.py -> build/lib.macosx-10.5-fat3-2.7/Cython/Distutils
copying Cython/Distutils/extension.py -> build/lib.macosx-10.5-fat3-2.7/Cython/Distutils
creating build/lib.macosx-10.5-fat3-2.7/Cython/Plex
copying Cython/Plex/__init__.py -> build/lib.macosx-10.5-fat3-2.7/Cython/Plex
copying Cython/Plex/Actions.py -> build/lib.macosx-10.5-fat3-2.7/Cython/Plex
copying Cython/Plex/DFA.py -> build/lib.macosx-10.5-fat3-2.7/Cython/Plex
copying Cython/Plex/Errors.py -> build/lib.macosx-10.5-fat3-2.7/Cython/Plex
copying Cython/Plex/Lexicons.py -> build/lib.macosx-10.5-fat3-2.7/Cython/Plex
copying Cython/Plex/Machines.py -> build/lib.macosx-10.5-fat3-2.7/Cython/Plex
copying Cython/Plex/Regexps.py -> build/lib.macosx-10.5-fat3-2.7/Cython/Plex
copying Cython/Plex/Scanners.py -> build/lib.macosx-10.5-fat3-2.7/Cython/Plex
copying Cython/Plex/Timing.py -> build/lib.macosx-10.5-fat3-2.7/Cython/Plex
copying Cython/Plex/Traditional.py -> build/lib.macosx-10.5-fat3-2.7/Cython/Plex
copying Cython/Plex/Transitions.py -> build/lib.macosx-10.5-fat3-2.7/Cython/Plex
creating build/lib.macosx-10.5-fat3-2.7/Cython/Tests
copying Cython/Tests/__init__.py -> build/lib.macosx-10.5-fat3-2.7/Cython/Tests
copying Cython/Tests/TestCodeWriter.py -> build/lib.macosx-10.5-fat3-2.7/Cython/Tests
copying Cython/Tests/xmlrunner.py -> build/lib.macosx-10.5-fat3-2.7/Cython/Tests
creating build/lib.macosx-10.5-fat3-2.7/Cython/Compiler/Tests
copying Cython/Compiler/Tests/__init__.py -> build/lib.macosx-10.5-fat3-2.7/Cython/Compiler/Tests
copying Cython/Compiler/Tests/TestBuffer.py -> build/lib.macosx-10.5-fat3-2.7/Cython/Compiler/Tests
copying Cython/Compiler/Tests/TestDecorators.py -> build/lib.macosx-10.5-fat3-2.7/Cython/Compiler/Tests
copying Cython/Compiler/Tests/TestParseTreeTransforms.py -> build/lib.macosx-10.5-fat3-2.7/Cython/Compiler/Tests
copying Cython/Compiler/Tests/TestTreeFragment.py -> build/lib.macosx-10.5-fat3-2.7/Cython/Compiler/Tests
copying Cython/Compiler/Tests/TestTreePath.py -> build/lib.macosx-10.5-fat3-2.7/Cython/Compiler/Tests
creating build/lib.macosx-10.5-fat3-2.7/Cython/Includes
copying Cython/Includes/numpy.pxd -> build/lib.macosx-10.5-fat3-2.7/Cython/Includes
creating build/lib.macosx-10.5-fat3-2.7/Cython/Includes/cpython
copying Cython/Includes/cpython/__init__.pxd -> build/lib.macosx-10.5-fat3-2.7/Cython/Includes/cpython
copying Cython/Includes/cpython/bool.pxd -> build/lib.macosx-10.5-fat3-2.7/Cython/Includes/cpython
copying Cython/Includes/cpython/buffer.pxd -> build/lib.macosx-10.5-fat3-2.7/Cython/Includes/cpython
copying Cython/Includes/cpython/bytes.pxd -> build/lib.macosx-10.5-fat3-2.7/Cython/Includes/cpython
copying Cython/Includes/cpython/cobject.pxd -> build/lib.macosx-10.5-fat3-2.7/Cython/Includes/cpython
copying Cython/Includes/cpython/complex.pxd -> build/lib.macosx-10.5-fat3-2.7/Cython/Includes/cpython
copying Cython/Includes/cpython/dict.pxd -> build/lib.macosx-10.5-fat3-2.7/Cython/Includes/cpython
copying Cython/Includes/cpython/exc.pxd -> build/lib.macosx-10.5-fat3-2.7/Cython/Includes/cpython
copying Cython/Includes/cpython/float.pxd -> build/lib.macosx-10.5-fat3-2.7/Cython/Includes/cpython
copying Cython/Includes/cpython/function.pxd -> build/lib.macosx-10.5-fat3-2.7/Cython/Includes/cpython
copying Cython/Includes/cpython/getargs.pxd -> build/lib.macosx-10.5-fat3-2.7/Cython/Includes/cpython
copying Cython/Includes/cpython/instance.pxd -> build/lib.macosx-10.5-fat3-2.7/Cython/Includes/cpython
copying Cython/Includes/cpython/int.pxd -> build/lib.macosx-10.5-fat3-2.7/Cython/Includes/cpython
copying Cython/Includes/cpython/iterator.pxd -> build/lib.macosx-10.5-fat3-2.7/Cython/Includes/cpython
copying Cython/Includes/cpython/list.pxd -> build/lib.macosx-10.5-fat3-2.7/Cython/Includes/cpython
copying Cython/Includes/cpython/long.pxd -> build/lib.macosx-10.5-fat3-2.7/Cython/Includes/cpython
copying Cython/Includes/cpython/mapping.pxd -> build/lib.macosx-10.5-fat3-2.7/Cython/Includes/cpython
copying Cython/Includes/cpython/mem.pxd -> build/lib.macosx-10.5-fat3-2.7/Cython/Includes/cpython
copying Cython/Includes/cpython/method.pxd -> build/lib.macosx-10.5-fat3-2.7/Cython/Includes/cpython
copying Cython/Includes/cpython/module.pxd -> build/lib.macosx-10.5-fat3-2.7/Cython/Includes/cpython
copying Cython/Includes/cpython/number.pxd -> build/lib.macosx-10.5-fat3-2.7/Cython/Includes/cpython
copying Cython/Includes/cpython/object.pxd -> build/lib.macosx-10.5-fat3-2.7/Cython/Includes/cpython
copying Cython/Includes/cpython/oldbuffer.pxd -> build/lib.macosx-10.5-fat3-2.7/Cython/Includes/cpython
copying Cython/Includes/cpython/pycapsule.pxd -> build/lib.macosx-10.5-fat3-2.7/Cython/Includes/cpython
copying Cython/Includes/cpython/pythread.pxd -> build/lib.macosx-10.5-fat3-2.7/Cython/Includes/cpython
copying Cython/Includes/cpython/ref.pxd -> build/lib.macosx-10.5-fat3-2.7/Cython/Includes/cpython
copying Cython/Includes/cpython/sequence.pxd -> build/lib.macosx-10.5-fat3-2.7/Cython/Includes/cpython
copying Cython/Includes/cpython/set.pxd -> build/lib.macosx-10.5-fat3-2.7/Cython/Includes/cpython
copying Cython/Includes/cpython/string.pxd -> build/lib.macosx-10.5-fat3-2.7/Cython/Includes/cpython
copying Cython/Includes/cpython/tuple.pxd -> build/lib.macosx-10.5-fat3-2.7/Cython/Includes/cpython
copying Cython/Includes/cpython/type.pxd -> build/lib.macosx-10.5-fat3-2.7/Cython/Includes/cpython
copying Cython/Includes/cpython/unicode.pxd -> build/lib.macosx-10.5-fat3-2.7/Cython/Includes/cpython
copying Cython/Includes/cpython/version.pxd -> build/lib.macosx-10.5-fat3-2.7/Cython/Includes/cpython
copying Cython/Includes/cpython/weakref.pxd -> build/lib.macosx-10.5-fat3-2.7/Cython/Includes/cpython
creating build/lib.macosx-10.5-fat3-2.7/Cython/Includes/Deprecated
copying Cython/Includes/Deprecated/python.pxd -> build/lib.macosx-10.5-fat3-2.7/Cython/Includes/Deprecated
copying Cython/Includes/Deprecated/python2.5.pxd -> build/lib.macosx-10.5-fat3-2.7/Cython/Includes/Deprecated
copying Cython/Includes/Deprecated/python_bool.pxd -> build/lib.macosx-10.5-fat3-2.7/Cython/Includes/Deprecated
copying Cython/Includes/Deprecated/python_buffer.pxd -> build/lib.macosx-10.5-fat3-2.7/Cython/Includes/Deprecated
copying Cython/Includes/Deprecated/python_bytes.pxd -> build/lib.macosx-10.5-fat3-2.7/Cython/Includes/Deprecated
copying Cython/Includes/Deprecated/python_cobject.pxd -> build/lib.macosx-10.5-fat3-2.7/Cython/Includes/Deprecated
copying Cython/Includes/Deprecated/python_complex.pxd -> build/lib.macosx-10.5-fat3-2.7/Cython/Includes/Deprecated
copying Cython/Includes/Deprecated/python_dict.pxd -> build/lib.macosx-10.5-fat3-2.7/Cython/Includes/Deprecated
copying Cython/Includes/Deprecated/python_exc.pxd -> build/lib.macosx-10.5-fat3-2.7/Cython/Includes/Deprecated
copying Cython/Includes/Deprecated/python_float.pxd -> build/lib.macosx-10.5-fat3-2.7/Cython/Includes/Deprecated
copying Cython/Includes/Deprecated/python_function.pxd -> build/lib.macosx-10.5-fat3-2.7/Cython/Includes/Deprecated
copying Cython/Includes/Deprecated/python_getargs.pxd -> build/lib.macosx-10.5-fat3-2.7/Cython/Includes/Deprecated
copying Cython/Includes/Deprecated/python_instance.pxd -> build/lib.macosx-10.5-fat3-2.7/Cython/Includes/Deprecated
copying Cython/Includes/Deprecated/python_int.pxd -> build/lib.macosx-10.5-fat3-2.7/Cython/Includes/Deprecated
copying Cython/Includes/Deprecated/python_iterator.pxd -> build/lib.macosx-10.5-fat3-2.7/Cython/Includes/Deprecated
copying Cython/Includes/Deprecated/python_list.pxd -> build/lib.macosx-10.5-fat3-2.7/Cython/Includes/Deprecated
copying Cython/Includes/Deprecated/python_long.pxd -> build/lib.macosx-10.5-fat3-2.7/Cython/Includes/Deprecated
copying Cython/Includes/Deprecated/python_mapping.pxd -> build/lib.macosx-10.5-fat3-2.7/Cython/Includes/Deprecated
copying Cython/Includes/Deprecated/python_mem.pxd -> build/lib.macosx-10.5-fat3-2.7/Cython/Includes/Deprecated
copying Cython/Includes/Deprecated/python_method.pxd -> build/lib.macosx-10.5-fat3-2.7/Cython/Includes/Deprecated
copying Cython/Includes/Deprecated/python_module.pxd -> build/lib.macosx-10.5-fat3-2.7/Cython/Includes/Deprecated
copying Cython/Includes/Deprecated/python_number.pxd -> build/lib.macosx-10.5-fat3-2.7/Cython/Includes/Deprecated
copying Cython/Includes/Deprecated/python_object.pxd -> build/lib.macosx-10.5-fat3-2.7/Cython/Includes/Deprecated
copying Cython/Includes/Deprecated/python_oldbuffer.pxd -> build/lib.macosx-10.5-fat3-2.7/Cython/Includes/Deprecated
copying Cython/Includes/Deprecated/python_pycapsule.pxd -> build/lib.macosx-10.5-fat3-2.7/Cython/Includes/Deprecated
copying Cython/Includes/Deprecated/python_ref.pxd -> build/lib.macosx-10.5-fat3-2.7/Cython/Includes/Deprecated
copying Cython/Includes/Deprecated/python_sequence.pxd -> build/lib.macosx-10.5-fat3-2.7/Cython/Includes/Deprecated
copying Cython/Includes/Deprecated/python_set.pxd -> build/lib.macosx-10.5-fat3-2.7/Cython/Includes/Deprecated
copying Cython/Includes/Deprecated/python_string.pxd -> build/lib.macosx-10.5-fat3-2.7/Cython/Includes/Deprecated
copying Cython/Includes/Deprecated/python_tuple.pxd -> build/lib.macosx-10.5-fat3-2.7/Cython/Includes/Deprecated
copying Cython/Includes/Deprecated/python_type.pxd -> build/lib.macosx-10.5-fat3-2.7/Cython/Includes/Deprecated
copying Cython/Includes/Deprecated/python_unicode.pxd -> build/lib.macosx-10.5-fat3-2.7/Cython/Includes/Deprecated
copying Cython/Includes/Deprecated/python_version.pxd -> build/lib.macosx-10.5-fat3-2.7/Cython/Includes/Deprecated
copying Cython/Includes/Deprecated/python_weakref.pxd -> build/lib.macosx-10.5-fat3-2.7/Cython/Includes/Deprecated
copying Cython/Includes/Deprecated/stdio.pxd -> build/lib.macosx-10.5-fat3-2.7/Cython/Includes/Deprecated
copying Cython/Includes/Deprecated/stdlib.pxd -> build/lib.macosx-10.5-fat3-2.7/Cython/Includes/Deprecated
copying Cython/Includes/Deprecated/stl.pxd -> build/lib.macosx-10.5-fat3-2.7/Cython/Includes/Deprecated
creating build/lib.macosx-10.5-fat3-2.7/Cython/Includes/libc
copying Cython/Includes/libc/__init__.pxd -> build/lib.macosx-10.5-fat3-2.7/Cython/Includes/libc
copying Cython/Includes/libc/errno.pxd -> build/lib.macosx-10.5-fat3-2.7/Cython/Includes/libc
copying Cython/Includes/libc/float.pxd -> build/lib.macosx-10.5-fat3-2.7/Cython/Includes/libc
copying Cython/Includes/libc/limits.pxd -> build/lib.macosx-10.5-fat3-2.7/Cython/Includes/libc
copying Cython/Includes/libc/locale.pxd -> build/lib.macosx-10.5-fat3-2.7/Cython/Includes/libc
copying Cython/Includes/libc/signal.pxd -> build/lib.macosx-10.5-fat3-2.7/Cython/Includes/libc
copying Cython/Includes/libc/stddef.pxd -> build/lib.macosx-10.5-fat3-2.7/Cython/Includes/libc
copying Cython/Includes/libc/stdint.pxd -> build/lib.macosx-10.5-fat3-2.7/Cython/Includes/libc
copying Cython/Includes/libc/stdio.pxd -> build/lib.macosx-10.5-fat3-2.7/Cython/Includes/libc
copying Cython/Includes/libc/stdlib.pxd -> build/lib.macosx-10.5-fat3-2.7/Cython/Includes/libc
copying Cython/Includes/libc/string.pxd -> build/lib.macosx-10.5-fat3-2.7/Cython/Includes/libc
creating build/lib.macosx-10.5-fat3-2.7/Cython/Includes/libcpp
copying Cython/Includes/libcpp/__init__.pxd -> build/lib.macosx-10.5-fat3-2.7/Cython/Includes/libcpp
copying Cython/Includes/libcpp/deque.pxd -> build/lib.macosx-10.5-fat3-2.7/Cython/Includes/libcpp
copying Cython/Includes/libcpp/list.pxd -> build/lib.macosx-10.5-fat3-2.7/Cython/Includes/libcpp
copying Cython/Includes/libcpp/map.pxd -> build/lib.macosx-10.5-fat3-2.7/Cython/Includes/libcpp
copying Cython/Includes/libcpp/pair.pxd -> build/lib.macosx-10.5-fat3-2.7/Cython/Includes/libcpp
copying Cython/Includes/libcpp/queue.pxd -> build/lib.macosx-10.5-fat3-2.7/Cython/Includes/libcpp
copying Cython/Includes/libcpp/set.pxd -> build/lib.macosx-10.5-fat3-2.7/Cython/Includes/libcpp
copying Cython/Includes/libcpp/stack.pxd -> build/lib.macosx-10.5-fat3-2.7/Cython/Includes/libcpp
copying Cython/Includes/libcpp/vector.pxd -> build/lib.macosx-10.5-fat3-2.7/Cython/Includes/libcpp
creating build/lib.macosx-10.5-fat3-2.7/Cython/Includes/posix
copying Cython/Includes/posix/__init__.pxd -> build/lib.macosx-10.5-fat3-2.7/Cython/Includes/posix
copying Cython/Includes/posix/fcntl.pxd -> build/lib.macosx-10.5-fat3-2.7/Cython/Includes/posix
copying Cython/Includes/posix/unistd.pxd -> build/lib.macosx-10.5-fat3-2.7/Cython/Includes/posix
copying Cython/Compiler/Parsing.pxd -> build/lib.macosx-10.5-fat3-2.7/Cython/Compiler
copying Cython/Compiler/Scanning.pxd -> build/lib.macosx-10.5-fat3-2.7/Cython/Compiler
copying Cython/Compiler/Visitor.pxd -> build/lib.macosx-10.5-fat3-2.7/Cython/Compiler
copying Cython/Runtime/refnanny.pyx -> build/lib.macosx-10.5-fat3-2.7/Cython/Runtime
copying Cython/Plex/Scanners.pxd -> build/lib.macosx-10.5-fat3-2.7/Cython/Plex
running build_ext
building 'Cython.Plex.Scanners' extension
creating build/temp.macosx-10.5-fat3-2.7
creating build/temp.macosx-10.5-fat3-2.7/Cython
creating build/temp.macosx-10.5-fat3-2.7/Cython/Plex
gcc-4.0 -fno-strict-aliasing -fno-common -dynamic -arch i386 -arch ppc -arch x86_64 -g -O2 -DNDEBUG -g -O3 -I/Library/Frameworks/Python.framework/Versions/2.7/include/python2.7 -c Cython/Plex/Scanners.c -o build/temp.macosx-10.5-fat3-2.7/Cython/Plex/Scanners.o
gcc-4.0 -arch i386 -arch ppc -arch x86_64 -isysroot / -g -bundle -undefined dynamic_lookup build/temp.macosx-10.5-fat3-2.7/Cython/Plex/Scanners.o -o build/lib.macosx-10.5-fat3-2.7/Cython/Plex/Scanners.so
building 'Cython.Compiler.Scanning' extension
creating build/temp.macosx-10.5-fat3-2.7/Cython/Compiler
gcc-4.0 -fno-strict-aliasing -fno-common -dynamic -arch i386 -arch ppc -arch x86_64 -g -O2 -DNDEBUG -g -O3 -I/Library/Frameworks/Python.framework/Versions/2.7/include/python2.7 -c Cython/Compiler/Scanning.c -o build/temp.macosx-10.5-fat3-2.7/Cython/Compiler/Scanning.o
gcc-4.0 -arch i386 -arch ppc -arch x86_64 -isysroot / -g -bundle -undefined dynamic_lookup build/temp.macosx-10.5-fat3-2.7/Cython/Compiler/Scanning.o -o build/lib.macosx-10.5-fat3-2.7/Cython/Compiler/Scanning.so
building 'Cython.Compiler.Parsing' extension
gcc-4.0 -fno-strict-aliasing -fno-common -dynamic -arch i386 -arch ppc -arch x86_64 -g -O2 -DNDEBUG -g -O3 -I/Library/Frameworks/Python.framework/Versions/2.7/include/python2.7 -c Cython/Compiler/Parsing.c -o build/temp.macosx-10.5-fat3-2.7/Cython/Compiler/Parsing.o
gcc-4.0 -arch i386 -arch ppc -arch x86_64 -isysroot / -g -bundle -undefined dynamic_lookup build/temp.macosx-10.5-fat3-2.7/Cython/Compiler/Parsing.o -o build/lib.macosx-10.5-fat3-2.7/Cython/Compiler/Parsing.so
building 'Cython.Compiler.Visitor' extension
gcc-4.0 -fno-strict-aliasing -fno-common -dynamic -arch i386 -arch ppc -arch x86_64 -g -O2 -DNDEBUG -g -O3 -I/Library/Frameworks/Python.framework/Versions/2.7/include/python2.7 -c Cython/Compiler/Visitor.c -o build/temp.macosx-10.5-fat3-2.7/Cython/Compiler/Visitor.o
gcc-4.0 -arch i386 -arch ppc -arch x86_64 -isysroot / -g -bundle -undefined dynamic_lookup build/temp.macosx-10.5-fat3-2.7/Cython/Compiler/Visitor.o -o build/lib.macosx-10.5-fat3-2.7/Cython/Compiler/Visitor.so
building 'Cython.Runtime.refnanny' extension
creating build/temp.macosx-10.5-fat3-2.7/Cython/Runtime
gcc-4.0 -fno-strict-aliasing -fno-common -dynamic -arch i386 -arch ppc -arch x86_64 -g -O2 -DNDEBUG -g -O3 -I/Library/Frameworks/Python.framework/Versions/2.7/include/python2.7 -c Cython/Runtime/refnanny.c -o build/temp.macosx-10.5-fat3-2.7/Cython/Runtime/refnanny.o
gcc-4.0 -arch i386 -arch ppc -arch x86_64 -isysroot / -g -bundle -undefined dynamic_lookup build/temp.macosx-10.5-fat3-2.7/Cython/Runtime/refnanny.o -o build/lib.macosx-10.5-fat3-2.7/Cython/Runtime/refnanny.so
running build_scripts
creating build/scripts-2.7
copying and adjusting bin/cython -> build/scripts-2.7
changing mode of build/scripts-2.7/cython from 644 to 755
