running install
running bdist_egg
running egg_info
writing setuptools.egg-info/PKG-INFO
writing top-level names to setuptools.egg-info/top_level.txt
writing dependency_links to setuptools.egg-info/dependency_links.txt
writing entry points to setuptools.egg-info/entry_points.txt
reading manifest file 'setuptools.egg-info/SOURCES.txt'
writing manifest file 'setuptools.egg-info/SOURCES.txt'
installing library code to build/bdist.macosx-10.3-i386/egg
running install_lib
running build_py
creating build/bdist.macosx-10.3-i386
creating build/bdist.macosx-10.3-i386/egg
copying build/lib/easy_install.py -> build/bdist.macosx-10.3-i386/egg
copying build/lib/pkg_resources.py -> build/bdist.macosx-10.3-i386/egg
creating build/bdist.macosx-10.3-i386/egg/setuptools
copying build/lib/setuptools/__init__.py -> build/bdist.macosx-10.3-i386/egg/setuptools
copying build/lib/setuptools/archive_util.py -> build/bdist.macosx-10.3-i386/egg/setuptools
copying build/lib/setuptools/cli.exe -> build/bdist.macosx-10.3-i386/egg/setuptools
creating build/bdist.macosx-10.3-i386/egg/setuptools/command
copying build/lib/setuptools/command/__init__.py -> build/bdist.macosx-10.3-i386/egg/setuptools/command
copying build/lib/setuptools/command/alias.py -> build/bdist.macosx-10.3-i386/egg/setuptools/command
copying build/lib/setuptools/command/bdist_egg.py -> build/bdist.macosx-10.3-i386/egg/setuptools/command
copying build/lib/setuptools/command/bdist_rpm.py -> build/bdist.macosx-10.3-i386/egg/setuptools/command
copying build/lib/setuptools/command/bdist_wininst.py -> build/bdist.macosx-10.3-i386/egg/setuptools/command
copying build/lib/setuptools/command/build_ext.py -> build/bdist.macosx-10.3-i386/egg/setuptools/command
copying build/lib/setuptools/command/build_py.py -> build/bdist.macosx-10.3-i386/egg/setuptools/command
copying build/lib/setuptools/command/develop.py -> build/bdist.macosx-10.3-i386/egg/setuptools/command
copying build/lib/setuptools/command/easy_install.py -> build/bdist.macosx-10.3-i386/egg/setuptools/command
copying build/lib/setuptools/command/egg_info.py -> build/bdist.macosx-10.3-i386/egg/setuptools/command
copying build/lib/setuptools/command/install.py -> build/bdist.macosx-10.3-i386/egg/setuptools/command
copying build/lib/setuptools/command/install_egg_info.py -> build/bdist.macosx-10.3-i386/egg/setuptools/command
copying build/lib/setuptools/command/install_lib.py -> build/bdist.macosx-10.3-i386/egg/setuptools/command
copying build/lib/setuptools/command/install_scripts.py -> build/bdist.macosx-10.3-i386/egg/setuptools/command
copying build/lib/setuptools/command/register.py -> build/bdist.macosx-10.3-i386/egg/setuptools/command
copying build/lib/setuptools/command/rotate.py -> build/bdist.macosx-10.3-i386/egg/setuptools/command
copying build/lib/setuptools/command/saveopts.py -> build/bdist.macosx-10.3-i386/egg/setuptools/command
copying build/lib/setuptools/command/sdist.py -> build/bdist.macosx-10.3-i386/egg/setuptools/command
copying build/lib/setuptools/command/setopt.py -> build/bdist.macosx-10.3-i386/egg/setuptools/command
copying build/lib/setuptools/command/test.py -> build/bdist.macosx-10.3-i386/egg/setuptools/command
copying build/lib/setuptools/command/upload.py -> build/bdist.macosx-10.3-i386/egg/setuptools/command
copying build/lib/setuptools/depends.py -> build/bdist.macosx-10.3-i386/egg/setuptools
copying build/lib/setuptools/dist.py -> build/bdist.macosx-10.3-i386/egg/setuptools
copying build/lib/setuptools/extension.py -> build/bdist.macosx-10.3-i386/egg/setuptools
copying build/lib/setuptools/gui.exe -> build/bdist.macosx-10.3-i386/egg/setuptools
copying build/lib/setuptools/package_index.py -> build/bdist.macosx-10.3-i386/egg/setuptools
copying build/lib/setuptools/sandbox.py -> build/bdist.macosx-10.3-i386/egg/setuptools
creating build/bdist.macosx-10.3-i386/egg/setuptools/tests
copying build/lib/setuptools/tests/__init__.py -> build/bdist.macosx-10.3-i386/egg/setuptools/tests
copying build/lib/setuptools/tests/doctest.py -> build/bdist.macosx-10.3-i386/egg/setuptools/tests
copying build/lib/setuptools/tests/test_packageindex.py -> build/bdist.macosx-10.3-i386/egg/setuptools/tests
copying build/lib/setuptools/tests/test_resources.py -> build/bdist.macosx-10.3-i386/egg/setuptools/tests
copying build/lib/site.py -> build/bdist.macosx-10.3-i386/egg
byte-compiling build/bdist.macosx-10.3-i386/egg/easy_install.py to easy_install.pyc
byte-compiling build/bdist.macosx-10.3-i386/egg/pkg_resources.py to pkg_resources.pyc
byte-compiling build/bdist.macosx-10.3-i386/egg/setuptools/__init__.py to __init__.pyc
byte-compiling build/bdist.macosx-10.3-i386/egg/setuptools/archive_util.py to archive_util.pyc
byte-compiling build/bdist.macosx-10.3-i386/egg/setuptools/command/__init__.py to __init__.pyc
byte-compiling build/bdist.macosx-10.3-i386/egg/setuptools/command/alias.py to alias.pyc
byte-compiling build/bdist.macosx-10.3-i386/egg/setuptools/command/bdist_egg.py to bdist_egg.pyc
byte-compiling build/bdist.macosx-10.3-i386/egg/setuptools/command/bdist_rpm.py to bdist_rpm.pyc
byte-compiling build/bdist.macosx-10.3-i386/egg/setuptools/command/bdist_wininst.py to bdist_wininst.pyc
byte-compiling build/bdist.macosx-10.3-i386/egg/setuptools/command/build_ext.py to build_ext.pyc
byte-compiling build/bdist.macosx-10.3-i386/egg/setuptools/command/build_py.py to build_py.pyc
byte-compiling build/bdist.macosx-10.3-i386/egg/setuptools/command/develop.py to develop.pyc
byte-compiling build/bdist.macosx-10.3-i386/egg/setuptools/command/easy_install.py to easy_install.pyc
byte-compiling build/bdist.macosx-10.3-i386/egg/setuptools/command/egg_info.py to egg_info.pyc
byte-compiling build/bdist.macosx-10.3-i386/egg/setuptools/command/install.py to install.pyc
byte-compiling build/bdist.macosx-10.3-i386/egg/setuptools/command/install_egg_info.py to install_egg_info.pyc
byte-compiling build/bdist.macosx-10.3-i386/egg/setuptools/command/install_lib.py to install_lib.pyc
byte-compiling build/bdist.macosx-10.3-i386/egg/setuptools/command/install_scripts.py to install_scripts.pyc
byte-compiling build/bdist.macosx-10.3-i386/egg/setuptools/command/register.py to register.pyc
byte-compiling build/bdist.macosx-10.3-i386/egg/setuptools/command/rotate.py to rotate.pyc
byte-compiling build/bdist.macosx-10.3-i386/egg/setuptools/command/saveopts.py to saveopts.pyc
byte-compiling build/bdist.macosx-10.3-i386/egg/setuptools/command/sdist.py to sdist.pyc
byte-compiling build/bdist.macosx-10.3-i386/egg/setuptools/command/setopt.py to setopt.pyc
byte-compiling build/bdist.macosx-10.3-i386/egg/setuptools/command/test.py to test.pyc
byte-compiling build/bdist.macosx-10.3-i386/egg/setuptools/command/upload.py to upload.pyc
byte-compiling build/bdist.macosx-10.3-i386/egg/setuptools/depends.py to depends.pyc
byte-compiling build/bdist.macosx-10.3-i386/egg/setuptools/dist.py to dist.pyc
byte-compiling build/bdist.macosx-10.3-i386/egg/setuptools/extension.py to extension.pyc
byte-compiling build/bdist.macosx-10.3-i386/egg/setuptools/package_index.py to package_index.pyc
byte-compiling build/bdist.macosx-10.3-i386/egg/setuptools/sandbox.py to sandbox.pyc
byte-compiling build/bdist.macosx-10.3-i386/egg/setuptools/tests/__init__.py to __init__.pyc
byte-compiling build/bdist.macosx-10.3-i386/egg/setuptools/tests/doctest.py to doctest.pyc
byte-compiling build/bdist.macosx-10.3-i386/egg/setuptools/tests/test_packageindex.py to test_packageindex.pyc
byte-compiling build/bdist.macosx-10.3-i386/egg/setuptools/tests/test_resources.py to test_resources.pyc
byte-compiling build/bdist.macosx-10.3-i386/egg/site.py to site.pyc
creating build/bdist.macosx-10.3-i386/egg/EGG-INFO
copying setuptools.egg-info/PKG-INFO -> build/bdist.macosx-10.3-i386/egg/EGG-INFO
copying setuptools.egg-info/SOURCES.txt -> build/bdist.macosx-10.3-i386/egg/EGG-INFO
copying setuptools.egg-info/dependency_links.txt -> build/bdist.macosx-10.3-i386/egg/EGG-INFO
copying setuptools.egg-info/entry_points.txt -> build/bdist.macosx-10.3-i386/egg/EGG-INFO
copying setuptools.egg-info/top_level.txt -> build/bdist.macosx-10.3-i386/egg/EGG-INFO
copying setuptools.egg-info/zip-safe -> build/bdist.macosx-10.3-i386/egg/EGG-INFO
creating dist
creating 'dist/setuptools-0.6c11-py2.5.egg' and adding 'build/bdist.macosx-10.3-i386/egg' to it
removing 'build/bdist.macosx-10.3-i386/egg' (and everything under it)
Processing setuptools-0.6c11-py2.5.egg
Copying setuptools-0.6c11-py2.5.egg to /Library/Frameworks/Python.framework/Versions/2.5/lib/python2.5/site-packages
Adding setuptools 0.6c11 to easy-install.pth file
Installing easy_install script to /Library/Frameworks/Python.framework/Versions/2.5/bin
Installing easy_install-2.5 script to /Library/Frameworks/Python.framework/Versions/2.5/bin

Installed /Library/Frameworks/Python.framework/Versions/2.5/lib/python2.5/site-packages/setuptools-0.6c11-py2.5.egg
Processing dependencies for setuptools==0.6c11
Finished processing dependencies for setuptools==0.6c11
