running build
running build_py
creating build
creating build/lib
copying pkg_resources.py -> build/lib
copying easy_install.py -> build/lib
copying site.py -> build/lib
creating build/lib/setuptools
copying setuptools/__init__.py -> build/lib/setuptools
copying setuptools/archive_util.py -> build/lib/setuptools
copying setuptools/depends.py -> build/lib/setuptools
copying setuptools/dist.py -> build/lib/setuptools
copying setuptools/extension.py -> build/lib/setuptools
copying setuptools/package_index.py -> build/lib/setuptools
copying setuptools/sandbox.py -> build/lib/setuptools
creating build/lib/setuptools/command
copying setuptools/command/__init__.py -> build/lib/setuptools/command
copying setuptools/command/alias.py -> build/lib/setuptools/command
copying setuptools/command/bdist_egg.py -> build/lib/setuptools/command
copying setuptools/command/bdist_rpm.py -> build/lib/setuptools/command
copying setuptools/command/bdist_wininst.py -> build/lib/setuptools/command
copying setuptools/command/build_ext.py -> build/lib/setuptools/command
copying setuptools/command/build_py.py -> build/lib/setuptools/command
copying setuptools/command/develop.py -> build/lib/setuptools/command
copying setuptools/command/easy_install.py -> build/lib/setuptools/command
copying setuptools/command/egg_info.py -> build/lib/setuptools/command
copying setuptools/command/install.py -> build/lib/setuptools/command
copying setuptools/command/install_egg_info.py -> build/lib/setuptools/command
copying setuptools/command/install_lib.py -> build/lib/setuptools/command
copying setuptools/command/install_scripts.py -> build/lib/setuptools/command
copying setuptools/command/register.py -> build/lib/setuptools/command
copying setuptools/command/rotate.py -> build/lib/setuptools/command
copying setuptools/command/saveopts.py -> build/lib/setuptools/command
copying setuptools/command/sdist.py -> build/lib/setuptools/command
copying setuptools/command/setopt.py -> build/lib/setuptools/command
copying setuptools/command/test.py -> build/lib/setuptools/command
copying setuptools/command/upload.py -> build/lib/setuptools/command
creating build/lib/setuptools/tests
copying setuptools/tests/__init__.py -> build/lib/setuptools/tests
copying setuptools/tests/doctest.py -> build/lib/setuptools/tests
copying setuptools/tests/test_packageindex.py -> build/lib/setuptools/tests
copying setuptools/tests/test_resources.py -> build/lib/setuptools/tests
copying setuptools/cli.exe -> build/lib/setuptools
copying setuptools/gui.exe -> build/lib/setuptools
