running build
running build_py
creating build
creating build/lib
creating build/lib/nose
copying nose/__init__.py -> build/lib/nose
copying nose/case.py -> build/lib/nose
copying nose/commands.py -> build/lib/nose
copying nose/config.py -> build/lib/nose
copying nose/core.py -> build/lib/nose
copying nose/exc.py -> build/lib/nose
copying nose/failure.py -> build/lib/nose
copying nose/importer.py -> build/lib/nose
copying nose/inspector.py -> build/lib/nose
copying nose/loader.py -> build/lib/nose
copying nose/proxy.py -> build/lib/nose
copying nose/result.py -> build/lib/nose
copying nose/selector.py -> build/lib/nose
copying nose/suite.py -> build/lib/nose
copying nose/tools.py -> build/lib/nose
copying nose/twistedtools.py -> build/lib/nose
copying nose/util.py -> build/lib/nose
creating build/lib/nose/ext
copying nose/ext/__init__.py -> build/lib/nose/ext
copying nose/ext/dtcompat.py -> build/lib/nose/ext
creating build/lib/nose/plugins
copying nose/plugins/__init__.py -> build/lib/nose/plugins
copying nose/plugins/allmodules.py -> build/lib/nose/plugins
copying nose/plugins/attrib.py -> build/lib/nose/plugins
copying nose/plugins/base.py -> build/lib/nose/plugins
copying nose/plugins/builtin.py -> build/lib/nose/plugins
copying nose/plugins/capture.py -> build/lib/nose/plugins
copying nose/plugins/collect.py -> build/lib/nose/plugins
copying nose/plugins/cover.py -> build/lib/nose/plugins
copying nose/plugins/debug.py -> build/lib/nose/plugins
copying nose/plugins/deprecated.py -> build/lib/nose/plugins
copying nose/plugins/doctests.py -> build/lib/nose/plugins
copying nose/plugins/errorclass.py -> build/lib/nose/plugins
copying nose/plugins/failuredetail.py -> build/lib/nose/plugins
copying nose/plugins/isolate.py -> build/lib/nose/plugins
copying nose/plugins/logcapture.py -> build/lib/nose/plugins
copying nose/plugins/manager.py -> build/lib/nose/plugins
copying nose/plugins/multiprocess.py -> build/lib/nose/plugins
copying nose/plugins/plugintest.py -> build/lib/nose/plugins
copying nose/plugins/prof.py -> build/lib/nose/plugins
copying nose/plugins/skip.py -> build/lib/nose/plugins
copying nose/plugins/testid.py -> build/lib/nose/plugins
copying nose/plugins/xunit.py -> build/lib/nose/plugins
creating build/lib/nose/sphinx
copying nose/sphinx/__init__.py -> build/lib/nose/sphinx
copying nose/sphinx/pluginopts.py -> build/lib/nose/sphinx
copying nose/usage.txt -> build/lib/nose
